<?xml version="1.0" encoding="UTF-8"?>
<!-- Generated by org.testng.reporters.JUnitReportReporter -->
<testsuite skipped="0" hostname="LAPTOP-3DFIF0FC" name="testNG.test" tests="1" failures="0" timestamp="18 May 2019 10:58:21 GMT" time="13.946" errors="0">
  <testcase name="test1" time="13.946" classname="testNG.test"/>
</testsuite> <!-- testNG.test -->
